frontend/build/app/intermediates/manifest_merge_blame_file/release/processReleaseMainManifest/manifest-merger-blame-release-report.txt
1<?xml version="1.0" encoding="utf-8"?>
2<manifest xmlns:android="http://schemas.android.com/apk/res/android"
3    package="com.food_insight_scanner.app"
4    android:versionCode="1"
5    android:versionName="1.0.0" >
6
7    <uses-sdk
8        android:minSdkVersion="23"
9        android:targetSdkVersion="35" />
10    <!--
11         io.flutter.app.FlutterApplication is an android.app.Application that
12         calls FlutterMain.startInitialization(this); in its onCreate method.
13         In most cases you can leave this as-is, but you if you want to provide
14         additional functionality it is fine to subclass or reimplement
15         FlutterApplication and put your custom class here.
16    -->
17    <uses-permission android:name="android.permission.INTERNET" />
17-->src\main\AndroidManifest.xml:7:5-66
17-->src\main\AndroidManifest.xml:7:22-64
18    <uses-permission android:name="android.permission.CAMERA" />
18-->src\main\AndroidManifest.xml:8:5-64
18-->src\main\AndroidManifest.xml:8:22-62
19
20    <uses-feature
20-->src\main\AndroidManifest.xml:9:5-83
21        android:name="android.hardware.camera"
21-->src\main\AndroidManifest.xml:9:19-57
22        android:required="true" />
22-->src\main\AndroidManifest.xml:9:58-81
23    <uses-feature
23-->src\main\AndroidManifest.xml:10:5-94
24        android:name="android.hardware.camera.autofocus"
24-->src\main\AndroidManifest.xml:10:19-67
25        android:required="false" />
25-->src\main\AndroidManifest.xml:10:68-92
26
27    <queries>
27-->src\main\AndroidManifest.xml:51:5-56:15
28        <intent>
28-->src\main\AndroidManifest.xml:52:9-55:18
29            <action android:name="android.intent.action.PROCESS_TEXT" />
29-->src\main\AndroidManifest.xml:53:13-72
29-->src\main\AndroidManifest.xml:53:21-70
30
31            <data android:mimeType="text/plain" />
31-->src\main\AndroidManifest.xml:54:13-50
31-->src\main\AndroidManifest.xml:54:19-48
32        </intent>
33    </queries>
34
35    <uses-permission android:name="android.permission.ACCESS_NETWORK_STATE" />
35-->[:connectivity_plus] AndroidManifest.xml:7:5-79
35-->[:connectivity_plus] AndroidManifest.xml:7:22-76
36    <uses-permission android:name="android.permission.WAKE_LOCK" /> <!-- Required by older versions of Google Play services to create IID tokens -->
36-->[com.google.firebase:firebase-iid:21.1.0] AndroidManifest.xml:24:5-68
36-->[com.google.firebase:firebase-iid:21.1.0] AndroidManifest.xml:24:22-65
37    <uses-permission android:name="com.google.android.c2dm.permission.RECEIVE" />
37-->[com.google.firebase:firebase-iid:21.1.0] AndroidManifest.xml:26:5-82
37-->[com.google.firebase:firebase-iid:21.1.0] AndroidManifest.xml:26:22-79
38    <uses-permission android:name="com.google.android.providers.gsf.permission.READ_GSERVICES" />
38-->[com.google.android.recaptcha:recaptcha:18.6.1] AndroidManifest.xml:9:5-98
38-->[com.google.android.recaptcha:recaptcha:18.6.1] AndroidManifest.xml:9:22-95
39
40    <permission
40-->[androidx.core:core:1.13.1] AndroidManifest.xml:22:5-24:47
41        android:name="com.food_insight_scanner.app.DYNAMIC_RECEIVER_NOT_EXPORTED_PERMISSION"
41-->[androidx.core:core:1.13.1] AndroidManifest.xml:23:9-81
42        android:protectionLevel="signature" />
42-->[androidx.core:core:1.13.1] AndroidManifest.xml:24:9-44
43
44    <uses-permission android:name="com.food_insight_scanner.app.DYNAMIC_RECEIVER_NOT_EXPORTED_PERMISSION" />
44-->[androidx.core:core:1.13.1] AndroidManifest.xml:26:5-97
44-->[androidx.core:core:1.13.1] AndroidManifest.xml:26:22-94
45
46    <application
47        android:name="android.app.Application"
47-->src\main\AndroidManifest.xml:14:13-46
48        android:appComponentFactory="androidx.core.app.CoreComponentFactory"
48-->[androidx.core:core:1.13.1] AndroidManifest.xml:28:18-86
49        android:enableOnBackInvokedCallback="true"
49-->src\main\AndroidManifest.xml:16:13-55
50        android:extractNativeLibs="false"
51        android:icon="@mipmap/ic_launcher"
51-->src\main\AndroidManifest.xml:15:13-47
52        android:label="food_insight_scanner" >
52-->src\main\AndroidManifest.xml:13:13-49
53        <activity
53-->src\main\AndroidManifest.xml:17:9-44:20
54            android:name="com.food_insight_scanner.app.MainActivity"
54-->src\main\AndroidManifest.xml:18:17-45
55            android:configChanges="orientation|keyboardHidden|keyboard|screenSize|smallestScreenSize|locale|layoutDirection|fontScale|screenLayout|density|uiMode"
55-->src\main\AndroidManifest.xml:23:17-167
56            android:exported="true"
56-->src\main\AndroidManifest.xml:19:17-40
57            android:hardwareAccelerated="true"
57-->src\main\AndroidManifest.xml:24:17-51
58            android:launchMode="singleTop"
58-->src\main\AndroidManifest.xml:20:17-47
59            android:taskAffinity=""
59-->src\main\AndroidManifest.xml:21:17-40
60            android:theme="@style/LaunchTheme"
60-->src\main\AndroidManifest.xml:22:17-51
61            android:usesCleartextTraffic="true"
61-->src\main\AndroidManifest.xml:25:17-52
62            android:windowSoftInputMode="adjustResize" >
62-->src\main\AndroidManifest.xml:26:17-59
63
64            <!--
65                 Specifies an Android theme to apply to this Activity as soon as
66                 the Android process has started. This theme is visible to the user
67                 while the Flutter UI initializes. After that, this theme continues
68                 to determine the Window background behind the Flutter UI.
69            -->
70            <meta-data
70-->src\main\AndroidManifest.xml:31:13-34:15
71                android:name="io.flutter.embedding.android.NormalTheme"
71-->src\main\AndroidManifest.xml:32:21-76
72                android:resource="@style/NormalTheme" />
72-->src\main\AndroidManifest.xml:33:21-58
73            <!--
74                 Displays an Android View that continues showing the launch screen
75                 Drawable until Flutter paints its first frame, then this splash
76                 screen fades out. A splash screen is useful to avoid any visual
77                 gap between the end of Android's launch screen and the painting of
78                 Flutter's first frame.
79            -->
80            <intent-filter>
80-->src\main\AndroidManifest.xml:40:13-43:29
81                <action android:name="android.intent.action.MAIN" />
81-->src\main\AndroidManifest.xml:41:17-68
81-->src\main\AndroidManifest.xml:41:25-66
82
83                <category android:name="android.intent.category.LAUNCHER" />
83-->src\main\AndroidManifest.xml:42:17-76
83-->src\main\AndroidManifest.xml:42:27-74
84            </intent-filter>
85        </activity>
86        <!--
87             Don't delete the meta-data below.
88             This is used by the Flutter tool to generate GeneratedPluginRegistrant.java
89        -->
90        <meta-data
90-->src\main\AndroidManifest.xml:47:9-49:36
91            android:name="flutterEmbedding"
91-->src\main\AndroidManifest.xml:48:17-48
92            android:value="2" />
92-->src\main\AndroidManifest.xml:49:17-34
93
94        <service
94-->[:cloud_functions] AndroidManifest.xml:8:9-12:19
95            android:name="com.google.firebase.components.ComponentDiscoveryService"
95-->[:cloud_functions] AndroidManifest.xml:8:18-89
96            android:directBootAware="true"
96-->[com.google.firebase:firebase-common:21.0.0] AndroidManifest.xml:32:13-43
97            android:exported="false" >
97-->[com.google.firebase:firebase-auth:23.2.1] AndroidManifest.xml:68:13-37
98            <meta-data
98-->[:cloud_functions] AndroidManifest.xml:9:13-11:85
99                android:name="com.google.firebase.components:io.flutter.plugins.firebase.functions.FlutterFirebaseAppRegistrar"
99-->[:cloud_functions] AndroidManifest.xml:10:17-128
100                android:value="com.google.firebase.components.ComponentRegistrar" />
100-->[:cloud_functions] AndroidManifest.xml:11:17-82
101            <meta-data
101-->[:cloud_firestore] AndroidManifest.xml:9:13-11:85
102                android:name="com.google.firebase.components:io.flutter.plugins.firebase.firestore.FlutterFirebaseFirestoreRegistrar"
102-->[:cloud_firestore] AndroidManifest.xml:10:17-134
103                android:value="com.google.firebase.components.ComponentRegistrar" />
103-->[:cloud_firestore] AndroidManifest.xml:11:17-82
104            <meta-data
104-->[:firebase_auth] AndroidManifest.xml:9:13-11:85
105                android:name="com.google.firebase.components:io.flutter.plugins.firebase.auth.FlutterFirebaseAuthRegistrar"
105-->[:firebase_auth] AndroidManifest.xml:10:17-124
106                android:value="com.google.firebase.components.ComponentRegistrar" />
106-->[:firebase_auth] AndroidManifest.xml:11:17-82
107            <meta-data
107-->[:firebase_core] AndroidManifest.xml:9:13-11:85
108                android:name="com.google.firebase.components:io.flutter.plugins.firebase.core.FlutterFirebaseCoreRegistrar"
108-->[:firebase_core] AndroidManifest.xml:10:17-124
109                android:value="com.google.firebase.components.ComponentRegistrar" />
109-->[:firebase_core] AndroidManifest.xml:11:17-82
110            <meta-data
110-->[com.google.firebase:firebase-auth:23.2.1] AndroidManifest.xml:69:13-71:85
111                android:name="com.google.firebase.components:com.google.firebase.auth.FirebaseAuthRegistrar"
111-->[com.google.firebase:firebase-auth:23.2.1] AndroidManifest.xml:70:17-109
112                android:value="com.google.firebase.components.ComponentRegistrar" />
112-->[com.google.firebase:firebase-auth:23.2.1] AndroidManifest.xml:71:17-82
113            <meta-data
113-->[com.google.firebase:firebase-firestore:25.1.4] AndroidManifest.xml:17:13-19:85
114                android:name="com.google.firebase.components:com.google.firebase.firestore.FirebaseFirestoreKtxRegistrar"
114-->[com.google.firebase:firebase-firestore:25.1.4] AndroidManifest.xml:18:17-122
115                android:value="com.google.firebase.components.ComponentRegistrar" />
115-->[com.google.firebase:firebase-firestore:25.1.4] AndroidManifest.xml:19:17-82
116            <meta-data
116-->[com.google.firebase:firebase-firestore:25.1.4] AndroidManifest.xml:20:13-22:85
117                android:name="com.google.firebase.components:com.google.firebase.firestore.FirestoreRegistrar"
117-->[com.google.firebase:firebase-firestore:25.1.4] AndroidManifest.xml:21:17-111
118                android:value="com.google.firebase.components.ComponentRegistrar" />
118-->[com.google.firebase:firebase-firestore:25.1.4] AndroidManifest.xml:22:17-82
119            <meta-data
119-->[com.google.firebase:firebase-functions:21.2.1] AndroidManifest.xml:15:13-17:85
120                android:name="com.google.firebase.components:com.google.firebase.functions.FirebaseFunctionsKtxRegistrar"
120-->[com.google.firebase:firebase-functions:21.2.1] AndroidManifest.xml:16:17-122
121                android:value="com.google.firebase.components.ComponentRegistrar" />
121-->[com.google.firebase:firebase-functions:21.2.1] AndroidManifest.xml:17:17-82
122            <meta-data
122-->[com.google.firebase:firebase-functions:21.2.1] AndroidManifest.xml:18:13-20:85
123                android:name="com.google.firebase.components:com.google.firebase.functions.FunctionsRegistrar"
123-->[com.google.firebase:firebase-functions:21.2.1] AndroidManifest.xml:19:17-111
124                android:value="com.google.firebase.components.ComponentRegistrar" />
124-->[com.google.firebase:firebase-functions:21.2.1] AndroidManifest.xml:20:17-82
125            <meta-data
125-->[com.google.firebase:firebase-iid:21.1.0] AndroidManifest.xml:32:13-34:85
126                android:name="com.google.firebase.components:com.google.firebase.iid.Registrar"
126-->[com.google.firebase:firebase-iid:21.1.0] AndroidManifest.xml:33:17-96
127                android:value="com.google.firebase.components.ComponentRegistrar" />
127-->[com.google.firebase:firebase-iid:21.1.0] AndroidManifest.xml:34:17-82
128            <meta-data
128-->[com.google.firebase:firebase-installations:18.0.0] AndroidManifest.xml:15:13-17:85
129                android:name="com.google.firebase.components:com.google.firebase.installations.FirebaseInstallationsKtxRegistrar"
129-->[com.google.firebase:firebase-installations:18.0.0] AndroidManifest.xml:16:17-130
130                android:value="com.google.firebase.components.ComponentRegistrar" />
130-->[com.google.firebase:firebase-installations:18.0.0] AndroidManifest.xml:17:17-82
131            <meta-data
131-->[com.google.firebase:firebase-installations:18.0.0] AndroidManifest.xml:18:13-20:85
132                android:name="com.google.firebase.components:com.google.firebase.installations.FirebaseInstallationsRegistrar"
132-->[com.google.firebase:firebase-installations:18.0.0] AndroidManifest.xml:19:17-127
133                android:value="com.google.firebase.components.ComponentRegistrar" />
133-->[com.google.firebase:firebase-installations:18.0.0] AndroidManifest.xml:20:17-82
134            <meta-data
134-->[com.google.firebase:firebase-common-ktx:21.0.0] AndroidManifest.xml:12:13-14:85
135                android:name="com.google.firebase.components:com.google.firebase.ktx.FirebaseCommonLegacyRegistrar"
135-->[com.google.firebase:firebase-common-ktx:21.0.0] AndroidManifest.xml:13:17-116
136                android:value="com.google.firebase.components.ComponentRegistrar" />
136-->[com.google.firebase:firebase-common-ktx:21.0.0] AndroidManifest.xml:14:17-82
137            <meta-data
137-->[com.google.firebase:firebase-common:21.0.0] AndroidManifest.xml:35:13-37:85
138                android:name="com.google.firebase.components:com.google.firebase.FirebaseCommonKtxRegistrar"
138-->[com.google.firebase:firebase-common:21.0.0] AndroidManifest.xml:36:17-109
139                android:value="com.google.firebase.components.ComponentRegistrar" />
139-->[com.google.firebase:firebase-common:21.0.0] AndroidManifest.xml:37:17-82
140        </service>
141
142        <provider
142-->[:image_picker_android] AndroidManifest.xml:9:9-17:20
143            android:name="io.flutter.plugins.imagepicker.ImagePickerFileProvider"
143-->[:image_picker_android] AndroidManifest.xml:10:13-82
144            android:authorities="com.food_insight_scanner.app.flutter.image_provider"
144-->[:image_picker_android] AndroidManifest.xml:11:13-74
145            android:exported="false"
145-->[:image_picker_android] AndroidManifest.xml:12:13-37
146            android:grantUriPermissions="true" >
146-->[:image_picker_android] AndroidManifest.xml:13:13-47
147            <meta-data
147-->[:image_picker_android] AndroidManifest.xml:14:13-16:75
148                android:name="android.support.FILE_PROVIDER_PATHS"
148-->[:image_picker_android] AndroidManifest.xml:15:17-67
149                android:resource="@xml/flutter_image_picker_file_paths" />
149-->[:image_picker_android] AndroidManifest.xml:16:17-72
150        </provider> <!-- Trigger Google Play services to install the backported photo picker module. -->
151        <service
151-->[:image_picker_android] AndroidManifest.xml:19:9-31:19
152            android:name="com.google.android.gms.metadata.ModuleDependencies"
152-->[:image_picker_android] AndroidManifest.xml:20:13-78
153            android:enabled="false"
153-->[:image_picker_android] AndroidManifest.xml:21:13-36
154            android:exported="false" >
154-->[:image_picker_android] AndroidManifest.xml:22:13-37
155            <intent-filter>
155-->[:image_picker_android] AndroidManifest.xml:24:13-26:29
156                <action android:name="com.google.android.gms.metadata.MODULE_DEPENDENCIES" />
156-->[:image_picker_android] AndroidManifest.xml:25:17-94
156-->[:image_picker_android] AndroidManifest.xml:25:25-91
157            </intent-filter>
158
159            <meta-data
159-->[:image_picker_android] AndroidManifest.xml:28:13-30:36
160                android:name="photopicker_activity:0:required"
160-->[:image_picker_android] AndroidManifest.xml:29:17-63
161                android:value="" />
161-->[:image_picker_android] AndroidManifest.xml:30:17-33
162        </service>
163        <!--
164        Service for holding metadata. Cannot be instantiated.
165        Metadata will be merged from other manifests.
166        -->
167        <service
167-->[androidx.camera:camera-core:1.3.3] AndroidManifest.xml:29:9-33:78
168            android:name="androidx.camera.core.impl.MetadataHolderService"
168-->[androidx.camera:camera-core:1.3.3] AndroidManifest.xml:30:13-75
169            android:enabled="false"
169-->[androidx.camera:camera-core:1.3.3] AndroidManifest.xml:31:13-36
170            android:exported="false" >
170-->[androidx.camera:camera-core:1.3.3] AndroidManifest.xml:32:13-37
171            <meta-data
171-->[androidx.camera:camera-camera2:1.3.3] AndroidManifest.xml:30:13-32:89
172                android:name="androidx.camera.core.impl.MetadataHolderService.DEFAULT_CONFIG_PROVIDER"
172-->[androidx.camera:camera-camera2:1.3.3] AndroidManifest.xml:31:17-103
173                android:value="androidx.camera.camera2.Camera2Config$DefaultProvider" />
173-->[androidx.camera:camera-camera2:1.3.3] AndroidManifest.xml:32:17-86
174        </service>
175
176        <provider
176-->[androidx.emoji2:emoji2:1.2.0] AndroidManifest.xml:24:9-32:20
177            android:name="androidx.startup.InitializationProvider"
177-->[androidx.emoji2:emoji2:1.2.0] AndroidManifest.xml:25:13-67
178            android:authorities="com.food_insight_scanner.app.androidx-startup"
178-->[androidx.emoji2:emoji2:1.2.0] AndroidManifest.xml:26:13-68
179            android:exported="false" >
179-->[androidx.emoji2:emoji2:1.2.0] AndroidManifest.xml:27:13-37
180            <meta-data
180-->[androidx.emoji2:emoji2:1.2.0] AndroidManifest.xml:29:13-31:52
181                android:name="androidx.emoji2.text.EmojiCompatInitializer"
181-->[androidx.emoji2:emoji2:1.2.0] AndroidManifest.xml:30:17-75
182                android:value="androidx.startup" />
182-->[androidx.emoji2:emoji2:1.2.0] AndroidManifest.xml:31:17-49
183            <meta-data
183-->[androidx.lifecycle:lifecycle-process:2.7.0] AndroidManifest.xml:29:13-31:52
184                android:name="androidx.lifecycle.ProcessLifecycleInitializer"
184-->[androidx.lifecycle:lifecycle-process:2.7.0] AndroidManifest.xml:30:17-78
185                android:value="androidx.startup" />
185-->[androidx.lifecycle:lifecycle-process:2.7.0] AndroidManifest.xml:31:17-49
186            <meta-data
186-->[androidx.profileinstaller:profileinstaller:1.4.0] AndroidManifest.xml:29:13-31:52
187                android:name="androidx.profileinstaller.ProfileInstallerInitializer"
187-->[androidx.profileinstaller:profileinstaller:1.4.0] AndroidManifest.xml:30:17-85
188                android:value="androidx.startup" />
188-->[androidx.profileinstaller:profileinstaller:1.4.0] AndroidManifest.xml:31:17-49
189        </provider>
190
191        <activity
191-->[com.google.firebase:firebase-auth:23.2.1] AndroidManifest.xml:29:9-46:20
192            android:name="com.google.firebase.auth.internal.GenericIdpActivity"
192-->[com.google.firebase:firebase-auth:23.2.1] AndroidManifest.xml:30:13-80
193            android:excludeFromRecents="true"
193-->[com.google.firebase:firebase-auth:23.2.1] AndroidManifest.xml:31:13-46
194            android:exported="true"
194-->[com.google.firebase:firebase-auth:23.2.1] AndroidManifest.xml:32:13-36
195            android:launchMode="singleTask"
195-->[com.google.firebase:firebase-auth:23.2.1] AndroidManifest.xml:33:13-44
196            android:theme="@android:style/Theme.Translucent.NoTitleBar" >
196-->[com.google.firebase:firebase-auth:23.2.1] AndroidManifest.xml:34:13-72
197            <intent-filter>
197-->[com.google.firebase:firebase-auth:23.2.1] AndroidManifest.xml:35:13-45:29
198                <action android:name="android.intent.action.VIEW" />
198-->[com.google.firebase:firebase-auth:23.2.1] AndroidManifest.xml:36:17-69
198-->[com.google.firebase:firebase-auth:23.2.1] AndroidManifest.xml:36:25-66
199
200                <category android:name="android.intent.category.DEFAULT" />
200-->[com.google.firebase:firebase-auth:23.2.1] AndroidManifest.xml:38:17-76
200-->[com.google.firebase:firebase-auth:23.2.1] AndroidManifest.xml:38:27-73
201                <category android:name="android.intent.category.BROWSABLE" />
201-->[com.google.firebase:firebase-auth:23.2.1] AndroidManifest.xml:39:17-78
201-->[com.google.firebase:firebase-auth:23.2.1] AndroidManifest.xml:39:27-75
202
203                <data
203-->src\main\AndroidManifest.xml:54:13-50
204                    android:host="firebase.auth"
205                    android:path="/"
206                    android:scheme="genericidp" />
207            </intent-filter>
208        </activity>
209        <activity
209-->[com.google.firebase:firebase-auth:23.2.1] AndroidManifest.xml:47:9-64:20
210            android:name="com.google.firebase.auth.internal.RecaptchaActivity"
210-->[com.google.firebase:firebase-auth:23.2.1] AndroidManifest.xml:48:13-79
211            android:excludeFromRecents="true"
211-->[com.google.firebase:firebase-auth:23.2.1] AndroidManifest.xml:49:13-46
212            android:exported="true"
212-->[com.google.firebase:firebase-auth:23.2.1] AndroidManifest.xml:50:13-36
213            android:launchMode="singleTask"
213-->[com.google.firebase:firebase-auth:23.2.1] AndroidManifest.xml:51:13-44
214            android:theme="@android:style/Theme.Translucent.NoTitleBar" >
214-->[com.google.firebase:firebase-auth:23.2.1] AndroidManifest.xml:52:13-72
215            <intent-filter>
215-->[com.google.firebase:firebase-auth:23.2.1] AndroidManifest.xml:53:13-63:29
216                <action android:name="android.intent.action.VIEW" />
216-->[com.google.firebase:firebase-auth:23.2.1] AndroidManifest.xml:36:17-69
216-->[com.google.firebase:firebase-auth:23.2.1] AndroidManifest.xml:36:25-66
217
218                <category android:name="android.intent.category.DEFAULT" />
218-->[com.google.firebase:firebase-auth:23.2.1] AndroidManifest.xml:38:17-76
218-->[com.google.firebase:firebase-auth:23.2.1] AndroidManifest.xml:38:27-73
219                <category android:name="android.intent.category.BROWSABLE" />
219-->[com.google.firebase:firebase-auth:23.2.1] AndroidManifest.xml:39:17-78
219-->[com.google.firebase:firebase-auth:23.2.1] AndroidManifest.xml:39:27-75
220
221                <data
221-->src\main\AndroidManifest.xml:54:13-50
222                    android:host="firebase.auth"
223                    android:path="/"
224                    android:scheme="recaptcha" />
225            </intent-filter>
226        </activity>
227
228        <service
228-->[androidx.credentials:credentials-play-services-auth:1.2.0-rc01] AndroidManifest.xml:24:9-32:19
229            android:name="androidx.credentials.playservices.CredentialProviderMetadataHolder"
229-->[androidx.credentials:credentials-play-services-auth:1.2.0-rc01] AndroidManifest.xml:25:13-94
230            android:enabled="true"
230-->[androidx.credentials:credentials-play-services-auth:1.2.0-rc01] AndroidManifest.xml:26:13-35
231            android:exported="false" >
231-->[androidx.credentials:credentials-play-services-auth:1.2.0-rc01] AndroidManifest.xml:27:13-37
232            <meta-data
232-->[androidx.credentials:credentials-play-services-auth:1.2.0-rc01] AndroidManifest.xml:29:13-31:104
233                android:name="androidx.credentials.CREDENTIAL_PROVIDER_KEY"
233-->[androidx.credentials:credentials-play-services-auth:1.2.0-rc01] AndroidManifest.xml:30:17-76
234                android:value="androidx.credentials.playservices.CredentialProviderPlayServicesImpl" />
234-->[androidx.credentials:credentials-play-services-auth:1.2.0-rc01] AndroidManifest.xml:31:17-101
235        </service>
236
237        <activity
237-->[androidx.credentials:credentials-play-services-auth:1.2.0-rc01] AndroidManifest.xml:34:9-41:20
238            android:name="androidx.credentials.playservices.HiddenActivity"
238-->[androidx.credentials:credentials-play-services-auth:1.2.0-rc01] AndroidManifest.xml:35:13-76
239            android:configChanges="orientation|screenSize|screenLayout|keyboardHidden"
239-->[androidx.credentials:credentials-play-services-auth:1.2.0-rc01] AndroidManifest.xml:36:13-87
240            android:enabled="true"
240-->[androidx.credentials:credentials-play-services-auth:1.2.0-rc01] AndroidManifest.xml:37:13-35
241            android:exported="false"
241-->[androidx.credentials:credentials-play-services-auth:1.2.0-rc01] AndroidManifest.xml:38:13-37
242            android:fitsSystemWindows="true"
242-->[androidx.credentials:credentials-play-services-auth:1.2.0-rc01] AndroidManifest.xml:39:13-45
243            android:theme="@style/Theme.Hidden" >
243-->[androidx.credentials:credentials-play-services-auth:1.2.0-rc01] AndroidManifest.xml:40:13-48
244        </activity>
245        <activity
245-->[com.google.android.gms:play-services-auth:21.0.0] AndroidManifest.xml:23:9-27:75
246            android:name="com.google.android.gms.auth.api.signin.internal.SignInHubActivity"
246-->[com.google.android.gms:play-services-auth:21.0.0] AndroidManifest.xml:24:13-93
247            android:excludeFromRecents="true"
247-->[com.google.android.gms:play-services-auth:21.0.0] AndroidManifest.xml:25:13-46
248            android:exported="false"
248-->[com.google.android.gms:play-services-auth:21.0.0] AndroidManifest.xml:26:13-37
249            android:theme="@android:style/Theme.Translucent.NoTitleBar" />
249-->[com.google.android.gms:play-services-auth:21.0.0] AndroidManifest.xml:27:13-72
250        <!--
251            Service handling Google Sign-In user revocation. For apps that do not integrate with
252            Google Sign-In, this service will never be started.
253        -->
254        <service
254-->[com.google.android.gms:play-services-auth:21.0.0] AndroidManifest.xml:33:9-37:51
255            android:name="com.google.android.gms.auth.api.signin.RevocationBoundService"
255-->[com.google.android.gms:play-services-auth:21.0.0] AndroidManifest.xml:34:13-89
256            android:exported="true"
256-->[com.google.android.gms:play-services-auth:21.0.0] AndroidManifest.xml:35:13-36
257            android:permission="com.google.android.gms.auth.api.signin.permission.REVOCATION_NOTIFICATION"
257-->[com.google.android.gms:play-services-auth:21.0.0] AndroidManifest.xml:36:13-107
258            android:visibleToInstantApps="true" />
258-->[com.google.android.gms:play-services-auth:21.0.0] AndroidManifest.xml:37:13-48
259
260        <provider
260-->[com.google.firebase:firebase-common:21.0.0] AndroidManifest.xml:23:9-28:39
261            android:name="com.google.firebase.provider.FirebaseInitProvider"
261-->[com.google.firebase:firebase-common:21.0.0] AndroidManifest.xml:24:13-77
262            android:authorities="com.food_insight_scanner.app.firebaseinitprovider"
262-->[com.google.firebase:firebase-common:21.0.0] AndroidManifest.xml:25:13-72
263            android:directBootAware="true"
263-->[com.google.firebase:firebase-common:21.0.0] AndroidManifest.xml:26:13-43
264            android:exported="false"
264-->[com.google.firebase:firebase-common:21.0.0] AndroidManifest.xml:27:13-37
265            android:initOrder="100" />
265-->[com.google.firebase:firebase-common:21.0.0] AndroidManifest.xml:28:13-36
266
267        <service
267-->[com.google.android.gms:play-services-mlkit-barcode-scanning:18.3.0] AndroidManifest.xml:9:9-15:19
268            android:name="com.google.mlkit.common.internal.MlKitComponentDiscoveryService"
268-->[com.google.android.gms:play-services-mlkit-barcode-scanning:18.3.0] AndroidManifest.xml:10:13-91
269            android:directBootAware="true"
269-->[com.google.mlkit:common:18.9.0] AndroidManifest.xml:17:13-43
270            android:exported="false" >
270-->[com.google.android.gms:play-services-mlkit-barcode-scanning:18.3.0] AndroidManifest.xml:11:13-37
271            <meta-data
271-->[com.google.android.gms:play-services-mlkit-barcode-scanning:18.3.0] AndroidManifest.xml:12:13-14:85
272                android:name="com.google.firebase.components:com.google.mlkit.vision.barcode.internal.BarcodeRegistrar"
272-->[com.google.android.gms:play-services-mlkit-barcode-scanning:18.3.0] AndroidManifest.xml:13:17-120
273                android:value="com.google.firebase.components.ComponentRegistrar" />
273-->[com.google.android.gms:play-services-mlkit-barcode-scanning:18.3.0] AndroidManifest.xml:14:17-82
274            <meta-data
274-->[com.google.mlkit:vision-common:17.3.0] AndroidManifest.xml:12:13-14:85
275                android:name="com.google.firebase.components:com.google.mlkit.vision.common.internal.VisionCommonRegistrar"
275-->[com.google.mlkit:vision-common:17.3.0] AndroidManifest.xml:13:17-124
276                android:value="com.google.firebase.components.ComponentRegistrar" />
276-->[com.google.mlkit:vision-common:17.3.0] AndroidManifest.xml:14:17-82
277            <meta-data
277-->[com.google.mlkit:common:18.9.0] AndroidManifest.xml:20:13-22:85
278                android:name="com.google.firebase.components:com.google.mlkit.common.internal.CommonComponentRegistrar"
278-->[com.google.mlkit:common:18.9.0] AndroidManifest.xml:21:17-120
279                android:value="com.google.firebase.components.ComponentRegistrar" />
279-->[com.google.mlkit:common:18.9.0] AndroidManifest.xml:22:17-82
280        </service>
281
282        <provider
282-->[com.google.mlkit:common:18.9.0] AndroidManifest.xml:9:9-13:38
283            android:name="com.google.mlkit.common.internal.MlKitInitProvider"
283-->[com.google.mlkit:common:18.9.0] AndroidManifest.xml:10:13-78
284            android:authorities="com.food_insight_scanner.app.mlkitinitprovider"
284-->[com.google.mlkit:common:18.9.0] AndroidManifest.xml:11:13-69
285            android:exported="false"
285-->[com.google.mlkit:common:18.9.0] AndroidManifest.xml:12:13-37